# JRE version: Java(TM) SE Runtime Environment (17.0.2+8) (build 17.0.2+8-LTS-86)
# Java VM: Java HotSpot(TM) 64-Bit Server VM (17.0.2+8-LTS-86, mixed mode, sharing, tiered, compressed oops, compressed class ptrs, g1 gc, windows-amd64)
GC Precious Log:
 CPUs: 8 total, 8 available
 Memory: 16080M
 Large Page Support: Disabled
 NUMA Support: Disabled
 Compressed Oops: Enabled (Zero based)
 Heap Region Size: 2M
 Heap Min Capacity: 8M
 Heap Initial Capacity: 252M
 Heap Max Capacity: 4022M
 Pre-touch: Disabled
 Parallel Workers: 8
 Concurrent Workers: 2
 Concurrent Refinement Workers: 8
 Periodic GC: Disabled
Heap:
 garbage-first heap   total 92160K, used 70637K [0x0000000704a00000, 0x0000000800000000)
  region size 2048K, 1 young (2048K), 0 survivors (0K)
 Metaspace       used 62028K, committed 62528K, reserved 1105920K
  class space    used 8384K, committed 8640K, reserved 1048576K
GC Heap History (20 events):
Event: 4.214 GC heap before
{Heap before GC invocations=14 (full 0):
 garbage-first heap   total 75776K, used 56088K [0x0000000704a00000, 0x0000000800000000)
  region size 2048K, 19 young (38912K), 3 survivors (6144K)
 Metaspace       used 53380K, committed 53696K, reserved 1097728K
  class space    used 7280K, committed 7424K, reserved 1048576K
}
Event: 4.217 GC heap after
{Heap after GC invocations=15 (full 0):
 garbage-first heap   total 75776K, used 25270K [0x0000000704a00000, 0x0000000800000000)
  region size 2048K, 2 young (4096K), 2 survivors (4096K)
 Metaspace       used 53380K, committed 53696K, reserved 1097728K
  class space    used 7280K, committed 7424K, reserved 1048576K
}
Event: 4.542 GC heap before
{Heap before GC invocations=15 (full 0):
 garbage-first heap   total 75776K, used 58038K [0x0000000704a00000, 0x0000000800000000)
  region size 2048K, 18 young (36864K), 2 survivors (4096K)
 Metaspace       used 55808K, committed 56192K, reserved 1097728K
  class space    used 7599K, committed 7808K, reserved 1048576K
}
Event: 4.545 GC heap after
{Heap after GC invocations=16 (full 0):
 garbage-first heap   total 75776K, used 27406K [0x0000000704a00000, 0x0000000800000000)
  region size 2048K, 3 young (6144K), 3 survivors (6144K)
 Metaspace       used 55808K, committed 56192K, reserved 1097728K
  class space    used 7599K, committed 7808K, reserved 1048576K
}
Event: 10.096 GC heap before
{Heap before GC invocations=16 (full 0):
 garbage-first heap   total 75776K, used 58126K [0x0000000704a00000, 0x0000000800000000)
  region size 2048K, 18 young (36864K), 3 survivors (6144K)
 Metaspace       used 59409K, committed 59840K, reserved 1105920K
  class space    used 8077K, committed 8256K, reserved 1048576K
}
Event: 10.100 GC heap after
{Heap after GC invocations=17 (full 0):
 garbage-first heap   total 75776K, used 29152K [0x0000000704a00000, 0x0000000800000000)
  region size 2048K, 3 young (6144K), 3 survivors (6144K)
 Metaspace       used 59409K, committed 59840K, reserved 1105920K
  class space    used 8077K, committed 8256K, reserved 1048576K
}
Event: 40.136 GC heap before
{Heap before GC invocations=17 (full 0):
 garbage-first heap   total 75776K, used 57824K [0x0000000704a00000, 0x0000000800000000)
  region size 2048K, 17 young (34816K), 3 survivors (6144K)
 Metaspace       used 61814K, committed 62208K, reserved 1105920K
  class space    used 8375K, committed 8576K, reserved 1048576K
}
Event: 40.140 GC heap after
{Heap after GC invocations=18 (full 0):
 garbage-first heap   total 75776K, used 31725K [0x0000000704a00000, 0x0000000800000000)
  region size 2048K, 3 young (6144K), 3 survivors (6144K)
 Metaspace       used 61814K, committed 62208K, reserved 1105920K
  class space    used 8375K, committed 8576K, reserved 1048576K
}
Event: 82.508 GC heap before
{Heap before GC invocations=18 (full 0):
 garbage-first heap   total 75776K, used 56301K [0x0000000704a00000, 0x0000000800000000)
  region size 2048K, 15 young (30720K), 3 survivors (6144K)
 Metaspace       used 61952K, committed 62400K, reserved 1105920K
  class space    used 8384K, committed 8640K, reserved 1048576K
}
Event: 82.508 GC heap after
{Heap after GC invocations=19 (full 0):
 garbage-first heap   total 75776K, used 56301K [0x0000000704a00000, 0x0000000800000000)
  region size 2048K, 0 young (0K), 0 survivors (0K)
 Metaspace       used 61952K, committed 62400K, reserved 1105920K
  class space    used 8384K, committed 8640K, reserved 1048576K
}
Event: 82.527 GC heap before
{Heap before GC invocations=19 (full 0):
 garbage-first heap   total 77824K, used 58349K [0x0000000704a00000, 0x0000000800000000)
  region size 2048K, 1 young (2048K), 0 survivors (0K)
 Metaspace       used 61976K, committed 62464K, reserved 1105920K
  class space    used 8384K, committed 8640K, reserved 1048576K
}
Event: 82.527 GC heap after
{Heap after GC invocations=20 (full 0):
 garbage-first heap   total 77824K, used 58349K [0x0000000704a00000, 0x0000000800000000)
  region size 2048K, 0 young (0K), 0 survivors (0K)
 Metaspace       used 61976K, committed 62464K, reserved 1105920K
  class space    used 8384K, committed 8640K, reserved 1048576K
}
Event: 82.548 GC heap before
{Heap before GC invocations=20 (full 0):
 garbage-first heap   total 79872K, used 60397K [0x0000000704a00000, 0x0000000800000000)
  region size 2048K, 1 young (2048K), 0 survivors (0K)
 Metaspace       used 61982K, committed 62464K, reserved 1105920K
  class space    used 8384K, committed 8640K, reserved 1048576K
}
Event: 82.548 GC heap after
{Heap after GC invocations=21 (full 0):
 garbage-first heap   total 79872K, used 60397K [0x0000000704a00000, 0x0000000800000000)
  region size 2048K, 0 young (0K), 0 survivors (0K)
 Metaspace       used 61982K, committed 62464K, reserved 1105920K
  class space    used 8384K, committed 8640K, reserved 1048576K
}
Event: 82.567 GC heap before
{Heap before GC invocations=21 (full 0):
 garbage-first heap   total 81920K, used 62445K [0x0000000704a00000, 0x0000000800000000)
  region size 2048K, 1 young (2048K), 0 survivors (0K)
 Metaspace       used 61986K, committed 62464K, reserved 1105920K
  class space    used 8384K, committed 8640K, reserved 1048576K
}
Event: 82.567 GC heap after
{Heap after GC invocations=22 (full 0):
 garbage-first heap   total 81920K, used 62445K [0x0000000704a00000, 0x0000000800000000)
  region size 2048K, 0 young (0K), 0 survivors (0K)
 Metaspace       used 61986K, committed 62464K, reserved 1105920K
  class space    used 8384K, committed 8640K, reserved 1048576K
}
Event: 82.596 GC heap before
{Heap before GC invocations=22 (full 0):
 garbage-first heap   total 83968K, used 64493K [0x0000000704a00000, 0x0000000800000000)
  region size 2048K, 1 young (2048K), 0 survivors (0K)
 Metaspace       used 61993K, committed 62528K, reserved 1105920K
  class space    used 8384K, committed 8640K, reserved 1048576K
}
Event: 82.596 GC heap after
{Heap after GC invocations=23 (full 0):
 garbage-first heap   total 83968K, used 64493K [0x0000000704a00000, 0x0000000800000000)
  region size 2048K, 0 young (0K), 0 survivors (0K)
 Metaspace       used 61993K, committed 62528K, reserved 1105920K
  class space    used 8384K, committed 8640K, reserved 1048576K
}
Event: 82.615 GC heap before
{Heap before GC invocations=23 (full 0):
 garbage-first heap   total 86016K, used 66541K [0x0000000704a00000, 0x0000000800000000)
  region size 2048K, 1 young (2048K), 0 survivors (0K)
 Metaspace       used 62004K, committed 62528K, reserved 1105920K
  class space    used 8384K, committed 8640K, reserved 1048576K
}
Event: 82.615 GC heap after
{Heap after GC invocations=24 (full 0):
 garbage-first heap   total 86016K, used 66541K [0x0000000704a00000, 0x0000000800000000)
  region size 2048K, 0 young (0K), 0 survivors (0K)
 Metaspace       used 62004K, committed 62528K, reserved 1105920K
  class space    used 8384K, committed 8640K, reserved 1048576K
}

